c:\users\administrator\desktop\traffic advisory system\traffic advisory system\x64\debug\vc120.pdb
c:\users\administrator\desktop\traffic advisory system\traffic advisory system\x64\debug\trafficadvisorysystem.obj
c:\users\administrator\desktop\traffic advisory system\traffic advisory system\x64\debug\posiselector.obj
c:\users\administrator\desktop\traffic advisory system\traffic advisory system\x64\debug\main.obj
c:\users\administrator\desktop\traffic advisory system\traffic advisory system\x64\debug\graph.obj
c:\users\administrator\desktop\traffic advisory system\traffic advisory system\x64\debug\moc_trafficadvisorysystem.obj
c:\users\administrator\desktop\traffic advisory system\traffic advisory system\x64\debug\moc_posiselector.obj
c:\users\administrator\desktop\traffic advisory system\traffic advisory system\x64\debug\moc_additem.obj
c:\users\administrator\desktop\traffic advisory system\traffic advisory system\x64\debug\additem.obj
c:\users\administrator\desktop\traffic advisory system\traffic advisory system\x64\debug\qrc_trafficadvisorysystem.obj
c:\users\administrator\desktop\traffic advisory system\traffic advisory system\generatedfiles\debug\moc_trafficadvisorysystem.cpp
c:\users\administrator\desktop\traffic advisory system\traffic advisory system\generatedfiles\ui_trafficadvisorysystem.h
c:\users\administrator\desktop\traffic advisory system\traffic advisory system\generatedfiles\debug\moc_additem.cpp
c:\users\administrator\desktop\traffic advisory system\traffic advisory system\generatedfiles\debug\moc_posiselector.cpp
c:\users\administrator\desktop\traffic advisory system\traffic advisory system\generatedfiles\qrc_trafficadvisorysystem.cpp
c:\users\administrator\desktop\traffic advisory system\traffic advisory system\generatedfiles\ui_posiselector.h
c:\users\administrator\desktop\traffic advisory system\traffic advisory system\generatedfiles\ui_add.h
c:\users\administrator\desktop\traffic advisory system\x64\debug\traffic advisory system.ilk
c:\users\administrator\desktop\traffic advisory system\x64\debug\traffic advisory system.exe
c:\users\administrator\desktop\traffic advisory system\x64\debug\traffic advisory system.pdb
c:\users\administrator\desktop\traffic advisory system\traffic advisory system\x64\debug\traffic .b12702ad.tlog\cl.command.1.tlog
c:\users\administrator\desktop\traffic advisory system\traffic advisory system\x64\debug\traffic .b12702ad.tlog\cl.read.1.tlog
c:\users\administrator\desktop\traffic advisory system\traffic advisory system\x64\debug\traffic .b12702ad.tlog\cl.write.1.tlog
c:\users\administrator\desktop\traffic advisory system\traffic advisory system\x64\debug\traffic .b12702ad.tlog\custombuild.command.1.tlog
c:\users\administrator\desktop\traffic advisory system\traffic advisory system\x64\debug\traffic .b12702ad.tlog\custombuild.read.1.tlog
c:\users\administrator\desktop\traffic advisory system\traffic advisory system\x64\debug\traffic .b12702ad.tlog\custombuild.write.1.tlog
c:\users\administrator\desktop\traffic advisory system\traffic advisory system\x64\debug\traffic .b12702ad.tlog\link.command.1.tlog
c:\users\administrator\desktop\traffic advisory system\traffic advisory system\x64\debug\traffic .b12702ad.tlog\link.read.1.tlog
c:\users\administrator\desktop\traffic advisory system\traffic advisory system\x64\debug\traffic .b12702ad.tlog\link.write.1.tlog
