c:\users\administrator\desktop\traffic advisory system\traffic advisory system\x64\release\trafficadvisorysystem.obj
c:\users\administrator\desktop\traffic advisory system\traffic advisory system\x64\release\posiselector.obj
c:\users\administrator\desktop\traffic advisory system\traffic advisory system\x64\release\main.obj
c:\users\administrator\desktop\traffic advisory system\traffic advisory system\x64\release\graph.obj
c:\users\administrator\desktop\traffic advisory system\traffic advisory system\x64\release\moc_trafficadvisorysystem.obj
c:\users\administrator\desktop\traffic advisory system\traffic advisory system\x64\release\moc_posiselector.obj
c:\users\administrator\desktop\traffic advisory system\traffic advisory system\x64\release\additem.obj
c:\users\administrator\desktop\traffic advisory system\traffic advisory system\x64\release\moc_additem.obj
c:\users\administrator\desktop\traffic advisory system\traffic advisory system\x64\release\qrc_trafficadvisorysystem.obj
c:\users\administrator\desktop\traffic advisory system\traffic advisory system\generatedfiles\ui_posiselector.h
c:\users\administrator\desktop\traffic advisory system\traffic advisory system\generatedfiles\release\moc_posiselector.cpp
c:\users\administrator\desktop\traffic advisory system\traffic advisory system\generatedfiles\ui_trafficadvisorysystem.h
c:\users\administrator\desktop\traffic advisory system\traffic advisory system\generatedfiles\release\moc_trafficadvisorysystem.cpp
c:\users\administrator\desktop\traffic advisory system\traffic advisory system\generatedfiles\release\moc_additem.cpp
c:\users\administrator\desktop\traffic advisory system\traffic advisory system\generatedfiles\qrc_trafficadvisorysystem.cpp
c:\users\administrator\desktop\traffic advisory system\traffic advisory system\generatedfiles\ui_add.h
c:\users\administrator\desktop\traffic advisory system\x64\release\traffic advisory system.exe
c:\users\administrator\desktop\traffic advisory system\traffic advisory system\x64\release\traffic .b12702ad.tlog\cl.command.1.tlog
c:\users\administrator\desktop\traffic advisory system\traffic advisory system\x64\release\traffic .b12702ad.tlog\cl.read.1.tlog
c:\users\administrator\desktop\traffic advisory system\traffic advisory system\x64\release\traffic .b12702ad.tlog\cl.write.1.tlog
c:\users\administrator\desktop\traffic advisory system\traffic advisory system\x64\release\traffic .b12702ad.tlog\custombuild.command.1.tlog
c:\users\administrator\desktop\traffic advisory system\traffic advisory system\x64\release\traffic .b12702ad.tlog\custombuild.read.1.tlog
c:\users\administrator\desktop\traffic advisory system\traffic advisory system\x64\release\traffic .b12702ad.tlog\custombuild.write.1.tlog
c:\users\administrator\desktop\traffic advisory system\traffic advisory system\x64\release\traffic .b12702ad.tlog\link.command.1.tlog
c:\users\administrator\desktop\traffic advisory system\traffic advisory system\x64\release\traffic .b12702ad.tlog\link.read.1.tlog
c:\users\administrator\desktop\traffic advisory system\traffic advisory system\x64\release\traffic .b12702ad.tlog\link.write.1.tlog
c:\users\administrator\desktop\traffic advisory system\traffic advisory system\x64\release\traffic .b12702ad.tlog\rc.command.1.tlog
c:\users\administrator\desktop\traffic advisory system\traffic advisory system\x64\release\traffic .b12702ad.tlog\rc.read.1.tlog
c:\users\administrator\desktop\traffic advisory system\traffic advisory system\x64\release\traffic .b12702ad.tlog\rc.write.1.tlog
